objc[26752]: Class AXEmojiUtilities is implemented in both /Applications/Xcode.app/Contents/Developer/Platforms/iPhoneSimulator.platform/Developer/SDKs/iPhoneSimulator7.0.sdk/System/Library/PrivateFrameworks/AccessibilityUtilities.framework/AccessibilityUtilities and /Applications/Xcode.app/Contents/Developer/Platforms/iPhoneSimulator.platform/Developer/SDKs/iPhoneSimulator7.0.sdk/usr/lib/libAXSpeechManager.dylib. One of the two will be used. Which one is undefined.
2014-01-22 08:19:57.884 UpAppHybrid[26752:80b] Cannot find executable for CFBundle 0xa48fcf0 </Applications/Xcode.app/Contents/Developer/Platforms/iPhoneSimulator.platform/Developer/SDKs/iPhoneSimulator7.0.sdk/System/Library/AccessibilityBundles/GeoServices.axbundle> (not loaded)
2014-01-22 08:19:57.939 UpAppHybrid[26752:80b] Cannot find executable for CFBundle 0xa593600 </Applications/Xcode.app/Contents/Developer/Platforms/iPhoneSimulator.platform/Developer/SDKs/iPhoneSimulator7.0.sdk/System/Library/AccessibilityBundles/CertUIFramework.axbundle> (not loaded)
2014-01-22 08:19:58.028 UpAppHybrid[26752:80b] Multi-tasking -> Device: YES, App: YES
2014-01-22 08:19:58.087 UpAppHybrid[26752:80b] Unlimited access to network resources
2014-01-22 08:19:58.855 UpAppHybrid[26752:80b] Resetting plugins due to page load.
2014-01-22 08:19:59.390 UpAppHybrid[26752:80b] Finished load of: file:///Users/asaleh/Library/Application%20Support/iPhone%20Simulator/7.0.3/Applications/C316A044-4C43-45F6-9683-C811AB1DCAE1/UpAppHybrid.app/www/index.html
objc[87581]: Class AXEmojiUtilities is implemented in both /Applications/Xcode.app/Contents/Developer/Platforms/iPhoneSimulator.platform/Developer/SDKs/iPhoneSimulator7.0.sdk/System/Library/PrivateFrameworks/AccessibilityUtilities.framework/AccessibilityUtilities and /Applications/Xcode.app/Contents/Developer/Platforms/iPhoneSimulator.platform/Developer/SDKs/iPhoneSimulator7.0.sdk/usr/lib/libAXSpeechManager.dylib. One of the two will be used. Which one is undefined.
2014-01-27 07:53:36.850 UpAppHybrid[87581:80b] Cannot find executable for CFBundle 0xa55ff20 </Applications/Xcode.app/Contents/Developer/Platforms/iPhoneSimulator.platform/Developer/SDKs/iPhoneSimulator7.0.sdk/System/Library/AccessibilityBundles/GeoServices.axbundle> (not loaded)
2014-01-27 07:53:36.876 UpAppHybrid[87581:80b] Cannot find executable for CFBundle 0xa590bb0 </Applications/Xcode.app/Contents/Developer/Platforms/iPhoneSimulator.platform/Developer/SDKs/iPhoneSimulator7.0.sdk/System/Library/AccessibilityBundles/CertUIFramework.axbundle> (not loaded)
2014-01-27 07:53:37.068 UpAppHybrid[87581:80b] Multi-tasking -> Device: YES, App: YES
2014-01-27 07:53:37.116 UpAppHybrid[87581:80b] Unlimited access to network resources
2014-01-27 07:53:37.816 UpAppHybrid[87581:80b] Resetting plugins due to page load.
2014-01-27 07:53:38.214 UpAppHybrid[87581:80b] Finished load of: file:///Users/asaleh/Library/Application%20Support/iPhone%20Simulator/7.0.3/Applications/C316A044-4C43-45F6-9683-C811AB1DCAE1/UpAppHybrid.app/www/index.html
objc[88622]: Class AXEmojiUtilities is implemented in both /Applications/Xcode.app/Contents/Developer/Platforms/iPhoneSimulator.platform/Developer/SDKs/iPhoneSimulator7.0.sdk/System/Library/PrivateFrameworks/AccessibilityUtilities.framework/AccessibilityUtilities and /Applications/Xcode.app/Contents/Developer/Platforms/iPhoneSimulator.platform/Developer/SDKs/iPhoneSimulator7.0.sdk/usr/lib/libAXSpeechManager.dylib. One of the two will be used. Which one is undefined.
2014-01-27 08:04:29.305 UpAppHybrid[88622:80b] Cannot find executable for CFBundle 0xa47c680 </Applications/Xcode.app/Contents/Developer/Platforms/iPhoneSimulator.platform/Developer/SDKs/iPhoneSimulator7.0.sdk/System/Library/AccessibilityBundles/CertUIFramework.axbundle> (not loaded)
2014-01-27 08:04:29.391 UpAppHybrid[88622:80b] Cannot find executable for CFBundle 0xa7b0eb0 </Applications/Xcode.app/Contents/Developer/Platforms/iPhoneSimulator.platform/Developer/SDKs/iPhoneSimulator7.0.sdk/System/Library/AccessibilityBundles/GeoServices.axbundle> (not loaded)
2014-01-27 08:04:29.459 UpAppHybrid[88622:80b] Multi-tasking -> Device: YES, App: YES
2014-01-27 08:04:29.524 UpAppHybrid[88622:80b] Unlimited access to network resources
2014-01-27 08:04:30.211 UpAppHybrid[88622:80b] Resetting plugins due to page load.
2014-01-27 08:04:30.706 UpAppHybrid[88622:80b] Finished load of: file:///Users/asaleh/Library/Application%20Support/iPhone%20Simulator/7.0.3/Applications/85A99CD6-578A-40E2-944A-EB99541EC03A/UpAppHybrid.app/www/index.html
2014-01-27 08:04:52.534 UpAppHybrid[88622:80b] Received memory warning.
